<?xml version="1.0" encoding="UTF-8"?>
<testsuite xmlns:xsi="http://www.w3.org/2001/XMLSchema-instance" xsi:noNamespaceSchemaLocation="https://maven.apache.org/surefire/maven-surefire-plugin/xsd/surefire-test-report.xsd" version="3.0.2" name="tests.dummyjson.auth.DummyJsonUserMeTests" time="6.638" tests="5" errors="0" skipped="0" failures="0">
  <properties>
[...]
</properties>
  <testcase name="user_me_valid_token_should_return_200" classname="DummyJsonUserMeTests" time="1.616">
    <system-out><![CDATA[10:48:35 INFO  core.BaseApiTest - TEST THREAD = ForkJoinPool-1-worker-4 | TEST CLASS = tests.integration.GoRestUserCrudTests
10:48:35 INFO  core.BaseApiTest - ========== START TC01 - Create a new user and verify via GET ==========
Request URI:	https://gorest.co.in/public/v2/users
10:48:35 INFO  core.BaseApiTest - This is the token being used: eyJhbGciOiJIUzI1NiIsInR5cCI6IkpXVCJ9.eyJpZCI6MSwidXNlcm5hbWUiOiJlbWlseXMiLCJlbWFpbCI6ImVtaWx5LmpvaG5zb25AeC5kdW1teWpzb24uY29tIiwiZmlyc3ROYW1lIjoiRW1pbHkiLCJsYXN0TmFtZSI6IkpvaG5zb24iLCJnZW5kZXIiOiJmZW1hbGUiLCJpbWFnZSI6Imh0dHBzOi8vZHVtbXlqc29uLmNvbS9pY29uL2VtaWx5cy8xMjgiLCJpYXQiOjE3NzYxMzQ5MTQsImV4cCI6MTc3NjEzODUxNH0.Q4nxM3n-ov0AnRVOFy9iAGBsiDLDuCJCEpdZP28SukI
10:48:35 INFO  core.BaseApiTest - This is the response: {
    "accessToken": "eyJhbGciOiJIUzI1NiIsInR5cCI6IkpXVCJ9.eyJpZCI6MSwidXNlcm5hbWUiOiJlbWlseXMiLCJlbWFpbCI6ImVtaWx5LmpvaG5zb25AeC5kdW1teWpzb24uY29tIiwiZmlyc3ROYW1lIjoiRW1pbHkiLCJsYXN0TmFtZSI6IkpvaG5zb24iLCJnZW5kZXIiOiJmZW1hbGUiLCJpbWFnZSI6Imh0dHBzOi8vZHVtbXlqc29uLmNvbS9pY29uL2VtaWx5cy8xMjgiLCJpYXQiOjE3NzYxMzQ5MTQsImV4cCI6MTc3NjEzODUxNH0.Q4nxM3n-ov0AnRVOFy9iAGBsiDLDuCJCEpdZP28SukI",
    "refreshToken": "eyJhbGciOiJIUzI1NiIsInR5cCI6IkpXVCJ9.eyJpZCI6MSwidXNlcm5hbWUiOiJlbWlseXMiLCJlbWFpbCI6ImVtaWx5LmpvaG5zb25AeC5kdW1teWpzb24uY29tIiwiZmlyc3ROYW1lIjoiRW1pbHkiLCJsYXN0TmFtZSI6IkpvaG5zb24iLCJnZW5kZXIiOiJmZW1hbGUiLCJpbWFnZSI6Imh0dHBzOi8vZHVtbXlqc29uLmNvbS9pY29uL2VtaWx5cy8xMjgiLCJpYXQiOjE3NzYxMzQ5MTQsImV4cCI6MTc3ODcyNjkxNH0.avfReE4fmK9IKKpVS56c1SzFClLZVt2GA-18x81Kpfs",
    "id": 1,
    "username": "emilys",
    "email": "emily.johnson@x.dummyjson.com",
    "firstName": "Emily",
    "lastName": "Johnson",
    "gender": "female",
    "image": "https://dummyjson.com/icon/emilys/128"
}
Request URI:	https://dummyjson.com/user/me
10:48:35 INFO  core.BaseApiTest - ========== END TC08 - Get user info with valid token ==========
]]></system-out>
  </testcase>
  <testcase name="user_me_multiple_times_should_return_same_user" classname="DummyJsonUserMeTests" time="3.509">
    <system-out><![CDATA[Request URI:	https://dummyjson.com/user/me
Request URI:	https://dummyjson.com/user/me
10:48:39 INFO  core.BaseApiTest - ========== END TC12 - Multiple calls return same user info ==========
]]></system-out>
  </testcase>
  <testcase name="user_me_invalid_token_should_return_401" classname="DummyJsonUserMeTests" time="0.355">
    <system-out><![CDATA[10:48:39 INFO  core.BaseApiTest - TEST THREAD = ForkJoinPool-1-worker-3 | TEST CLASS = tests.dummyjson.auth.DummyJsonUserMeTests
10:48:39 INFO  core.BaseApiTest - ========== START TC10 - Get user info with invalid token ==========
Request URI:	https://dummyjson.com/user/me
10:48:39 INFO  core.BaseApiTest - ========== END TC10 - Get user info with invalid token ==========
]]></system-out>
  </testcase>
  <testcase name="user_me_without_accept_encoding_should_still_return_200" classname="DummyJsonUserMeTests" time="0.793">
    <system-out><![CDATA[10:48:39 INFO  core.BaseApiTest - TEST THREAD = ForkJoinPool-1-worker-3 | TEST CLASS = tests.dummyjson.auth.DummyJsonUserMeTests
10:48:39 INFO  core.BaseApiTest - ========== START TC13 - Get user info without Accept-Encoding header ==========
Request URI:	https://dummyjson.com/auth/login
10:48:40 INFO  core.BaseApiTest - This is the token being used: eyJhbGciOiJIUzI1NiIsInR5cCI6IkpXVCJ9.eyJpZCI6MSwidXNlcm5hbWUiOiJlbWlseXMiLCJlbWFpbCI6ImVtaWx5LmpvaG5zb25AeC5kdW1teWpzb24uY29tIiwiZmlyc3ROYW1lIjoiRW1pbHkiLCJsYXN0TmFtZSI6IkpvaG5zb24iLCJnZW5kZXIiOiJmZW1hbGUiLCJpbWFnZSI6Imh0dHBzOi8vZHVtbXlqc29uLmNvbS9pY29uL2VtaWx5cy8xMjgiLCJpYXQiOjE3NzYxMzQ5MTksImV4cCI6MTc3NjEzODUxOX0.S7trhsWjRlLgWLSNjhw9Zp2If6iwmno-D7n6YrbxjJk
10:48:40 INFO  core.BaseApiTest - This is the response: {
    "accessToken": "eyJhbGciOiJIUzI1NiIsInR5cCI6IkpXVCJ9.eyJpZCI6MSwidXNlcm5hbWUiOiJlbWlseXMiLCJlbWFpbCI6ImVtaWx5LmpvaG5zb25AeC5kdW1teWpzb24uY29tIiwiZmlyc3ROYW1lIjoiRW1pbHkiLCJsYXN0TmFtZSI6IkpvaG5zb24iLCJnZW5kZXIiOiJmZW1hbGUiLCJpbWFnZSI6Imh0dHBzOi8vZHVtbXlqc29uLmNvbS9pY29uL2VtaWx5cy8xMjgiLCJpYXQiOjE3NzYxMzQ5MTksImV4cCI6MTc3NjEzODUxOX0.S7trhsWjRlLgWLSNjhw9Zp2If6iwmno-D7n6YrbxjJk",
    "refreshToken": "eyJhbGciOiJIUzI1NiIsInR5cCI6IkpXVCJ9.eyJpZCI6MSwidXNlcm5hbWUiOiJlbWlseXMiLCJlbWFpbCI6ImVtaWx5LmpvaG5zb25AeC5kdW1teWpzb24uY29tIiwiZmlyc3ROYW1lIjoiRW1pbHkiLCJsYXN0TmFtZSI6IkpvaG5zb24iLCJnZW5kZXIiOiJmZW1hbGUiLCJpbWFnZSI6Imh0dHBzOi8vZHVtbXlqc29uLmNvbS9pY29uL2VtaWx5cy8xMjgiLCJpYXQiOjE3NzYxMzQ5MTksImV4cCI6MTc3ODcyNjkxOX0.lsKfv4t7XXc_oztNu3J3CggaVD1-3wGN4Y4sGU06Su0",
    "id": 1,
    "username": "emilys",
    "email": "emily.johnson@x.dummyjson.com",
    "firstName": "Emily",
    "lastName": "Johnson",
    "gender": "female",
    "image": "https://dummyjson.com/icon/emilys/128"
}
Request URI:	https://dummyjson.com/user/me
10:48:40 INFO  core.BaseApiTest - ========== END TC13 - Get user info without Accept-Encoding header ==========
]]></system-out>
  </testcase>
  <testcase name="user_me_expired_token_should_return_401" classname="DummyJsonUserMeTests" time="0.339">
    <system-out><![CDATA[10:48:40 INFO  core.BaseApiTest - TEST THREAD = ForkJoinPool-1-worker-3 | TEST CLASS = tests.dummyjson.auth.DummyJsonUserMeTests
10:48:40 INFO  core.BaseApiTest - ========== START TC09 - Get user info with expired token ==========
Request URI:	https://dummyjson.com/user/me
10:48:40 INFO  core.BaseApiTest - This is the response: {
    "message": "Token Expired!"
}
10:48:40 INFO  core.BaseApiTest - ========== END TC09 - Get user info with expired token ==========
]]></system-out>
  </testcase>
</testsuite>