<?xml version="1.0" encoding="UTF-8"?>
<testsuite xmlns:xsi="http://www.w3.org/2001/XMLSchema-instance" xsi:noNamespaceSchemaLocation="https://maven.apache.org/surefire/maven-surefire-plugin/xsd/surefire-test-report.xsd" version="3.0.2" name="tests.resiliency.HttpBinRetryTests" time="1.35" tests="1" errors="0" skipped="0" failures="0">
  <properties>
[...]
</properties>
  <testcase name="retry_demo_should_eventually_get_200" classname="HttpBinRetryTests" time="1.344">
    <system-out><![CDATA[10:48:36 INFO  core.BaseApiTest - TEST THREAD = ForkJoinPool-1-worker-4 | TEST CLASS = tests.resiliency.HttpBinStatusTests
10:48:36 INFO  core.BaseApiTest - ========== START TC03 - Retry until 200 OK ==========
10:48:36 INFO  clients.BaseClient - GET /get
Request URI:	https://httpbin.org/get
Request URI:	https://dummyjson.com/user/me
Request URI:	https://dummyjson.com/user/me
10:48:37 INFO  clients.BaseClient - Response Status: 200
10:48:37 INFO  clients.BaseClient - Response Body: {
    "args": {
        
    },
    "headers": {
        "Accept": "*/*",
        "Accept-Encoding": "gzip,deflate",
        "Host": "httpbin.org",
        "User-Agent": "Apache-HttpClient/4.5.13 (Java/17.0.15)",
        "X-Amzn-Trace-Id": "Root=1-69ddab04-6e0471e92789f95c55af9f09"
    },
    "origin": "120.29.68.234",
    "url": "https://httpbin.org/get"
}
10:48:37 INFO  clients.BaseClient - ------------------------------------------------
10:48:37 INFO  tests.resiliency.HttpBinRetryTests - Retry completed with status code: 200
10:48:37 INFO  core.BaseApiTest - ========== END TC01 - Retry /get until status 200 ==========
]]></system-out>
  </testcase>
</testsuite>