<?xml version="1.0" encoding="UTF-8"?>
<testsuite xmlns:xsi="http://www.w3.org/2001/XMLSchema-instance" xsi:noNamespaceSchemaLocation="https://maven.apache.org/surefire/maven-surefire-plugin/xsd/surefire-test-report.xsd" version="3.0.2" name="tests.contactList.ContactListEditContactTests" time="9.807" tests="5" errors="0" skipped="0" failures="0">
  <properties>
[...]
</properties>
  <testcase name="edit2_contact_returns_200" classname="ContactListEditContactTests" time="6.213">
    <system-out><![CDATA[11:23:42 INFO  config.ConfigManager - Config loaded: env=qa
11:23:42 INFO  core.BaseApiTest - TEST THREAD = ForkJoinPool-1-worker-4 | TEST CLASS = tests.contactList.ContactListEditContactTests
11:23:42 INFO  core.BaseApiTest - TEST THREAD = ForkJoinPool-1-worker-1 | TEST CLASS = tests.contactList.ContactListEditContactTests
11:23:42 INFO  core.BaseApiTest - TEST THREAD = ForkJoinPool-1-worker-3 | TEST CLASS = tests.contactList.ContactListEditContactTests
11:23:42 INFO  core.BaseApiTest - TEST THREAD = ForkJoinPool-1-worker-2 | TEST CLASS = tests.contactList.ContactListEditContactTests
11:23:42 INFO  core.BaseApiTest - ========== START TC02 - Edit success ==========
11:23:42 INFO  core.BaseApiTest - ========== START TC05 - Edit success ==========
11:23:42 INFO  core.BaseApiTest - ========== START TC01 - Edit success ==========
11:23:42 INFO  core.BaseApiTest - ========== START TC03 - Edit success ==========
11:23:43 INFO  manager.TestDataManager - Loading testData.json for environment: dev
Request URI:	https://thinking-tester-contact-list.herokuapp.com/users/login
Request URI:	https://thinking-tester-contact-list.herokuapp.com/users/login
Request URI:	https://thinking-tester-contact-list.herokuapp.com/users/login
Request URI:	https://thinking-tester-contact-list.herokuapp.com/users/login
11:23:48 INFO  utils.AuthTokenUtil - THREAD=ForkJoinPool-1-worker-3 | TOKEN=eyJhbGciOiJIUzI1NiIsInR5cCI6IkpXVCJ9.eyJfaWQiOiI2OWQ0NWJlMDlkYWYzOTAwMTUyMWE5ZDUiLCJpYXQiOjE3NzczNDY2Mjd9.BD9eDqI7Hr2S_s9AmQMqd_omxxB265wniMDodWSWLfE
11:23:48 INFO  t.c.ContactListEditContactTests - RUN_ID : 0849bb05-f38b-4215-a318-3bd9e533400e
11:23:48 INFO  t.c.ContactListEditContactTests - TC     : TC03
11:23:48 INFO  t.c.ContactListEditContactTests - ðŸ‘¤ USER  : 3rd user
11:23:48 INFO  t.c.ContactListEditContactTests - ðŸ‘· WORKER: ForkJoinPool-1-worker-3
11:23:48 INFO  t.c.ContactListEditContactTests - ðŸ”‘ TOKEN : eyJhbGciOiJIUzI1NiIsInR5cCI6IkpXVCJ9.eyJfaWQiOiI2OWQ0NWJlMDlkYWYzOTAwMTUyMWE5ZDUiLCJpYXQiOjE3NzczNDY2Mjd9.BD9eDqI7Hr2S_s9AmQMqd_omxxB265wniMDodWSWLfE
11:23:48 INFO  t.c.ContactListEditContactTests - ----------------------------------------
11:23:48 INFO  utils.AuthTokenUtil - THREAD=ForkJoinPool-1-worker-4 | TOKEN=eyJhbGciOiJIUzI1NiIsInR5cCI6IkpXVCJ9.eyJfaWQiOiI2OWQ0NWJkZjlkYWYzOTAwMTUyMWE5ZDAiLCJpYXQiOjE3NzczNDY2Mjd9.8RHlbVpxpSxxDpd-QthCph3wVkdTO2EtaJsCDfgrY9E
11:23:48 INFO  t.c.ContactListEditContactTests - ðŸ‘¤ USER  : TEST 3
11:23:48 INFO  t.c.ContactListEditContactTests - RUN_ID : edc78b92-3a17-4f06-9957-4007b37561a0
11:23:48 INFO  t.c.ContactListEditContactTests - ðŸ‘· WORKER: ForkJoinPool-1-worker-3
11:23:48 INFO  t.c.ContactListEditContactTests - TC     : TC02
11:23:48 INFO  t.c.ContactListEditContactTests - ðŸ”‘ TOKEN : eyJhbGciOiJIUzI1NiIsInR5cCI6IkpXVCJ9.eyJfaWQiOiI2OWQ0NWJlMDlkYWYzOTAwMTUyMWE5ZDUiLCJpYXQiOjE3NzczNDY2Mjd9.BD9eDqI7Hr2S_s9AmQMqd_omxxB265wniMDodWSWLfE
11:23:48 INFO  t.c.ContactListEditContactTests - ðŸ‘¤ USER  : 2nd user
11:23:48 INFO  t.c.ContactListEditContactTests - ðŸ‘· WORKER: ForkJoinPool-1-worker-4
11:23:48 INFO  t.c.ContactListEditContactTests - ----------------------------------------
11:23:48 INFO  t.c.ContactListEditContactTests - ðŸ”‘ TOKEN : eyJhbGciOiJIUzI1NiIsInR5cCI6IkpXVCJ9.eyJfaWQiOiI2OWQ0NWJkZjlkYWYzOTAwMTUyMWE5ZDAiLCJpYXQiOjE3NzczNDY2Mjd9.8RHlbVpxpSxxDpd-QthCph3wVkdTO2EtaJsCDfgrY9E
11:23:48 INFO  t.c.ContactListEditContactTests - ----------------------------------------
11:23:48 INFO  t.c.ContactListEditContactTests - ðŸ‘¤ USER  : TEST 2
11:23:48 INFO  t.c.ContactListEditContactTests - ðŸ‘· WORKER: ForkJoinPool-1-worker-4
11:23:48 INFO  t.c.ContactListEditContactTests - ðŸ”‘ TOKEN : eyJhbGciOiJIUzI1NiIsInR5cCI6IkpXVCJ9.eyJfaWQiOiI2OWQ0NWJkZjlkYWYzOTAwMTUyMWE5ZDAiLCJpYXQiOjE3NzczNDY2Mjd9.8RHlbVpxpSxxDpd-QthCph3wVkdTO2EtaJsCDfgrY9E
11:23:48 INFO  t.c.ContactListEditContactTests - ----------------------------------------
Request URI:	https://thinking-tester-contact-list.herokuapp.com/contacts
11:23:48 INFO  utils.AuthTokenUtil - THREAD=ForkJoinPool-1-worker-1 | TOKEN=eyJhbGciOiJIUzI1NiIsInR5cCI6IkpXVCJ9.eyJfaWQiOiI2OWQ0NWJkZjlkYWYzOTAwMTUyMWE5ZDIiLCJpYXQiOjE3NzczNDY2Mjd9.JQQmdmjatKT316rQ75CUz22WbtzUhTjMkDTWsOB0_Xw
11:23:48 INFO  t.c.ContactListEditContactTests - RUN_ID : d03f2982-a010-4723-9335-c19e585fb8fd
11:23:48 INFO  t.c.ContactListEditContactTests - TC     : TC05
11:23:48 INFO  t.c.ContactListEditContactTests - ðŸ‘¤ USER  : 5th user
11:23:48 INFO  t.c.ContactListEditContactTests - ðŸ‘· WORKER: ForkJoinPool-1-worker-1
11:23:48 INFO  t.c.ContactListEditContactTests - ðŸ”‘ TOKEN : eyJhbGciOiJIUzI1NiIsInR5cCI6IkpXVCJ9.eyJfaWQiOiI2OWQ0NWJkZjlkYWYzOTAwMTUyMWE5ZDIiLCJpYXQiOjE3NzczNDY2Mjd9.JQQmdmjatKT316rQ75CUz22WbtzUhTjMkDTWsOB0_Xw
11:23:48 INFO  t.c.ContactListEditContactTests - ----------------------------------------
11:23:48 INFO  t.c.ContactListEditContactTests - ðŸ‘¤ USER  : TEST 5
Request URI:	https://thinking-tester-contact-list.herokuapp.com/contacts
11:23:48 INFO  t.c.ContactListEditContactTests - ðŸ‘· WORKER: ForkJoinPool-1-worker-1
11:23:48 INFO  t.c.ContactListEditContactTests - ðŸ”‘ TOKEN : eyJhbGciOiJIUzI1NiIsInR5cCI6IkpXVCJ9.eyJfaWQiOiI2OWQ0NWJkZjlkYWYzOTAwMTUyMWE5ZDIiLCJpYXQiOjE3NzczNDY2Mjd9.JQQmdmjatKT316rQ75CUz22WbtzUhTjMkDTWsOB0_Xw
11:23:48 INFO  t.c.ContactListEditContactTests - ----------------------------------------
11:23:48 INFO  utils.AuthTokenUtil - THREAD=ForkJoinPool-1-worker-2 | TOKEN=eyJhbGciOiJIUzI1NiIsInR5cCI6IkpXVCJ9.eyJfaWQiOiI2OWQzNTRhY2I3Yzk2ZjAwMTU2MmRhZjQiLCJpYXQiOjE3NzczNDY2Mjd9.VzxbIDgDx85IoFkClCEMOj_6Fsh56IGMCOoYiQUeGhM
11:23:48 INFO  t.c.ContactListEditContactTests - RUN_ID : ce980a7a-eb0e-4cd3-825e-5afea3760f35
11:23:48 INFO  t.c.ContactListEditContactTests - TC     : TC01
11:23:48 INFO  t.c.ContactListEditContactTests - ðŸ‘¤ USER  : 1st user
11:23:48 INFO  t.c.ContactListEditContactTests - ðŸ‘· WORKER: ForkJoinPool-1-worker-2
11:23:48 INFO  t.c.ContactListEditContactTests - ðŸ”‘ TOKEN : eyJhbGciOiJIUzI1NiIsInR5cCI6IkpXVCJ9.eyJfaWQiOiI2OWQzNTRhY2I3Yzk2ZjAwMTU2MmRhZjQiLCJpYXQiOjE3NzczNDY2Mjd9.VzxbIDgDx85IoFkClCEMOj_6Fsh56IGMCOoYiQUeGhM
11:23:48 INFO  t.c.ContactListEditContactTests - ----------------------------------------
11:23:48 INFO  t.c.ContactListEditContactTests - ðŸ‘¤ USER  : TEST 1
11:23:48 INFO  t.c.ContactListEditContactTests - ðŸ‘· WORKER: ForkJoinPool-1-worker-2
11:23:48 INFO  t.c.ContactListEditContactTests - ðŸ”‘ TOKEN : eyJhbGciOiJIUzI1NiIsInR5cCI6IkpXVCJ9.eyJfaWQiOiI2OWQzNTRhY2I3Yzk2ZjAwMTU2MmRhZjQiLCJpYXQiOjE3NzczNDY2Mjd9.VzxbIDgDx85IoFkClCEMOj_6Fsh56IGMCOoYiQUeGhM
11:23:48 INFO  t.c.ContactListEditContactTests - ----------------------------------------
Request URI:	https://thinking-tester-contact-list.herokuapp.com/contacts
Request URI:	https://thinking-tester-contact-list.herokuapp.com/contacts
11:23:48 INFO  t.c.ContactListEditContactTests - ðŸ‘¤ USER  : TEST 3.1
11:23:48 INFO  t.c.ContactListEditContactTests - ðŸ‘¤ USER  : TEST 2.1
11:23:48 INFO  t.c.ContactListEditContactTests - ðŸ‘· WORKER: ForkJoinPool-1-worker-3
11:23:48 INFO  t.c.ContactListEditContactTests - ðŸ‘· WORKER: ForkJoinPool-1-worker-4
11:23:48 INFO  t.c.ContactListEditContactTests - ðŸ”‘ TOKEN : eyJhbGciOiJIUzI1NiIsInR5cCI6IkpXVCJ9.eyJfaWQiOiI2OWQ0NWJlMDlkYWYzOTAwMTUyMWE5ZDUiLCJpYXQiOjE3NzczNDY2Mjd9.BD9eDqI7Hr2S_s9AmQMqd_omxxB265wniMDodWSWLfE
11:23:48 INFO  t.c.ContactListEditContactTests - ðŸ”‘ TOKEN : eyJhbGciOiJIUzI1NiIsInR5cCI6IkpXVCJ9.eyJfaWQiOiI2OWQ0NWJkZjlkYWYzOTAwMTUyMWE5ZDAiLCJpYXQiOjE3NzczNDY2Mjd9.8RHlbVpxpSxxDpd-QthCph3wVkdTO2EtaJsCDfgrY9E
11:23:48 INFO  t.c.ContactListEditContactTests - ----------------------------------------
11:23:48 INFO  t.c.ContactListEditContactTests - ----------------------------------------
11:23:48 INFO  t.c.ContactListEditContactTests - ðŸ‘¤ USER  : TEST 1.1
11:23:48 INFO  t.c.ContactListEditContactTests - ðŸ‘· WORKER: ForkJoinPool-1-worker-2
11:23:48 INFO  t.c.ContactListEditContactTests - ðŸ”‘ TOKEN : eyJhbGciOiJIUzI1NiIsInR5cCI6IkpXVCJ9.eyJfaWQiOiI2OWQzNTRhY2I3Yzk2ZjAwMTU2MmRhZjQiLCJpYXQiOjE3NzczNDY2Mjd9.VzxbIDgDx85IoFkClCEMOj_6Fsh56IGMCOoYiQUeGhM
11:23:48 INFO  t.c.ContactListEditContactTests - ----------------------------------------
Request URI:	https://thinking-tester-contact-list.herokuapp.com/contacts/69f02844c2863a00159c1ec6
Request URI:	https://thinking-tester-contact-list.herokuapp.com/contacts/69f02844c2863a00159c1ec5
11:23:48 INFO  t.c.ContactListEditContactTests - ðŸ‘¤ USER  : TEST 5.1
11:23:48 INFO  t.c.ContactListEditContactTests - ðŸ‘· WORKER: ForkJoinPool-1-worker-1
11:23:48 INFO  t.c.ContactListEditContactTests - ðŸ”‘ TOKEN : eyJhbGciOiJIUzI1NiIsInR5cCI6IkpXVCJ9.eyJfaWQiOiI2OWQ0NWJkZjlkYWYzOTAwMTUyMWE5ZDIiLCJpYXQiOjE3NzczNDY2Mjd9.JQQmdmjatKT316rQ75CUz22WbtzUhTjMkDTWsOB0_Xw
11:23:48 INFO  t.c.ContactListEditContactTests - ----------------------------------------
Request URI:	https://thinking-tester-contact-list.herokuapp.com/contacts/69f02844c47ca40015450315
Request URI:	https://thinking-tester-contact-list.herokuapp.com/contacts/69f02844c2863a00159c1ec7
11:23:48 INFO  t.c.ContactListEditContactTests - ðŸ‘¤ USER  : 2nd user
11:23:48 INFO  t.c.ContactListEditContactTests - ðŸ‘¤ USER  : 3rd user
11:23:48 INFO  t.c.ContactListEditContactTests - ðŸ‘· WORKER: ForkJoinPool-1-worker-4
11:23:48 INFO  t.c.ContactListEditContactTests - ðŸ‘· WORKER: ForkJoinPool-1-worker-3
11:23:48 INFO  t.c.ContactListEditContactTests - ðŸ”‘ TOKEN : eyJhbGciOiJIUzI1NiIsInR5cCI6IkpXVCJ9.eyJfaWQiOiI2OWQ0NWJkZjlkYWYzOTAwMTUyMWE5ZDAiLCJpYXQiOjE3NzczNDY2Mjd9.8RHlbVpxpSxxDpd-QthCph3wVkdTO2EtaJsCDfgrY9E
11:23:48 INFO  t.c.ContactListEditContactTests - ----------------------------------------
11:23:48 INFO  t.c.ContactListEditContactTests - ðŸ”‘ TOKEN : eyJhbGciOiJIUzI1NiIsInR5cCI6IkpXVCJ9.eyJfaWQiOiI2OWQ0NWJlMDlkYWYzOTAwMTUyMWE5ZDUiLCJpYXQiOjE3NzczNDY2Mjd9.BD9eDqI7Hr2S_s9AmQMqd_omxxB265wniMDodWSWLfE
11:23:48 INFO  t.c.ContactListEditContactTests - eyJhbGciOiJIUzI1NiIsInR5cCI6IkpXVCJ9.eyJfaWQiOiI2OWQ0NWJkZjlkYWYzOTAwMTUyMWE5ZDAiLCJpYXQiOjE3NzczNDY2Mjd9.8RHlbVpxpSxxDpd-QthCph3wVkdTO2EtaJsCDfgrY9E
11:23:48 INFO  t.c.ContactListEditContactTests - ----------------------------------------
11:23:48 INFO  t.c.ContactListEditContactTests - eyJhbGciOiJIUzI1NiIsInR5cCI6IkpXVCJ9.eyJfaWQiOiI2OWQ0NWJlMDlkYWYzOTAwMTUyMWE5ZDUiLCJpYXQiOjE3NzczNDY2Mjd9.BD9eDqI7Hr2S_s9AmQMqd_omxxB265wniMDodWSWLfE
11:23:48 INFO  core.BaseApiTest - ========== END TC02 - Edit success ==========
11:23:48 INFO  core.BaseApiTest - ========== END TC03 - Edit success ==========
]]></system-out>
  </testcase>
  <testcase name="edit3_contact_returns_200" classname="ContactListEditContactTests" time="6.213"/>
  <testcase name="edit5_contact_returns_200" classname="ContactListEditContactTests" time="6.263">
    <system-out><![CDATA[11:23:49 INFO  t.c.ContactListEditContactTests - ðŸ‘¤ USER  : 1st user
11:23:49 INFO  t.c.ContactListEditContactTests - ðŸ‘· WORKER: ForkJoinPool-1-worker-2
11:23:49 INFO  t.c.ContactListEditContactTests - ðŸ‘¤ USER  : 5th user
11:23:49 INFO  t.c.ContactListEditContactTests - ðŸ‘· WORKER: ForkJoinPool-1-worker-1
11:23:49 INFO  t.c.ContactListEditContactTests - ðŸ”‘ TOKEN : eyJhbGciOiJIUzI1NiIsInR5cCI6IkpXVCJ9.eyJfaWQiOiI2OWQ0NWJkZjlkYWYzOTAwMTUyMWE5ZDIiLCJpYXQiOjE3NzczNDY2Mjd9.JQQmdmjatKT316rQ75CUz22WbtzUhTjMkDTWsOB0_Xw
11:23:49 INFO  t.c.ContactListEditContactTests - ----------------------------------------
11:23:49 INFO  t.c.ContactListEditContactTests - eyJhbGciOiJIUzI1NiIsInR5cCI6IkpXVCJ9.eyJfaWQiOiI2OWQ0NWJkZjlkYWYzOTAwMTUyMWE5ZDIiLCJpYXQiOjE3NzczNDY2Mjd9.JQQmdmjatKT316rQ75CUz22WbtzUhTjMkDTWsOB0_Xw
11:23:49 INFO  t.c.ContactListEditContactTests - ðŸ”‘ TOKEN : eyJhbGciOiJIUzI1NiIsInR5cCI6IkpXVCJ9.eyJfaWQiOiI2OWQzNTRhY2I3Yzk2ZjAwMTU2MmRhZjQiLCJpYXQiOjE3NzczNDY2Mjd9.VzxbIDgDx85IoFkClCEMOj_6Fsh56IGMCOoYiQUeGhM
11:23:49 INFO  t.c.ContactListEditContactTests - ----------------------------------------
11:23:49 INFO  t.c.ContactListEditContactTests - eyJhbGciOiJIUzI1NiIsInR5cCI6IkpXVCJ9.eyJfaWQiOiI2OWQzNTRhY2I3Yzk2ZjAwMTU2MmRhZjQiLCJpYXQiOjE3NzczNDY2Mjd9.VzxbIDgDx85IoFkClCEMOj_6Fsh56IGMCOoYiQUeGhM
11:23:49 INFO  core.BaseApiTest - ========== END TC05 - Edit success ==========
11:23:49 INFO  core.BaseApiTest - ========== END TC01 - Edit success ==========
]]></system-out>
  </testcase>
  <testcase name="edit1_contact_returns_200" classname="ContactListEditContactTests" time="6.263"/>
  <testcase name="edit4_contact_returns_200" classname="ContactListEditContactTests" time="1.976">
    <system-out><![CDATA[11:23:49 INFO  core.BaseApiTest - TEST THREAD = ForkJoinPool-1-worker-4 | TEST CLASS = tests.contactList.ContactListEditContactTests
11:23:49 INFO  core.BaseApiTest - ========== START TC04 - Edit success ==========
Request URI:	https://thinking-tester-contact-list.herokuapp.com/users/login
11:23:50 INFO  utils.AuthTokenUtil - THREAD=ForkJoinPool-1-worker-4 | TOKEN=eyJhbGciOiJIUzI1NiIsInR5cCI6IkpXVCJ9.eyJfaWQiOiI2OWQ0NWJlMDY5NjI3OTAwMTVkMTM4ZTEiLCJpYXQiOjE3NzczNDY2MzB9.yY0P3ct5tZiMYMSVexwYvJo8H3kHhhhRDVVhxAfqv4M
11:23:50 INFO  t.c.ContactListEditContactTests - RUN_ID : eedc9de1-28e5-41a2-a615-47dd0001994e
11:23:50 INFO  t.c.ContactListEditContactTests - TC     : TC04
11:23:50 INFO  t.c.ContactListEditContactTests - ðŸ‘¤ USER  : 4th user
11:23:50 INFO  t.c.ContactListEditContactTests - ðŸ‘· WORKER: ForkJoinPool-1-worker-4
11:23:50 INFO  t.c.ContactListEditContactTests - ðŸ”‘ TOKEN : eyJhbGciOiJIUzI1NiIsInR5cCI6IkpXVCJ9.eyJfaWQiOiI2OWQ0NWJlMDY5NjI3OTAwMTVkMTM4ZTEiLCJpYXQiOjE3NzczNDY2MzB9.yY0P3ct5tZiMYMSVexwYvJo8H3kHhhhRDVVhxAfqv4M
11:23:50 INFO  t.c.ContactListEditContactTests - ----------------------------------------
11:23:50 INFO  t.c.ContactListEditContactTests - ðŸ‘¤ USER  : TEST 4
11:23:50 INFO  t.c.ContactListEditContactTests - ðŸ‘· WORKER: ForkJoinPool-1-worker-4
11:23:50 INFO  t.c.ContactListEditContactTests - ðŸ”‘ TOKEN : eyJhbGciOiJIUzI1NiIsInR5cCI6IkpXVCJ9.eyJfaWQiOiI2OWQ0NWJlMDY5NjI3OTAwMTVkMTM4ZTEiLCJpYXQiOjE3NzczNDY2MzB9.yY0P3ct5tZiMYMSVexwYvJo8H3kHhhhRDVVhxAfqv4M
11:23:50 INFO  t.c.ContactListEditContactTests - ----------------------------------------
Request URI:	https://thinking-tester-contact-list.herokuapp.com/contacts
11:23:50 INFO  t.c.ContactListEditContactTests - ðŸ‘¤ USER  : TEST 4.1
11:23:50 INFO  t.c.ContactListEditContactTests - ðŸ‘· WORKER: ForkJoinPool-1-worker-4
11:23:50 INFO  t.c.ContactListEditContactTests - ðŸ”‘ TOKEN : eyJhbGciOiJIUzI1NiIsInR5cCI6IkpXVCJ9.eyJfaWQiOiI2OWQ0NWJlMDY5NjI3OTAwMTVkMTM4ZTEiLCJpYXQiOjE3NzczNDY2MzB9.yY0P3ct5tZiMYMSVexwYvJo8H3kHhhhRDVVhxAfqv4M
11:23:50 INFO  t.c.ContactListEditContactTests - ----------------------------------------
Request URI:	https://thinking-tester-contact-list.herokuapp.com/contacts/69f02847c2863a00159c1ec8
11:23:51 INFO  t.c.ContactListEditContactTests - ðŸ‘¤ USER  : 4th user
11:23:51 INFO  t.c.ContactListEditContactTests - ðŸ‘· WORKER: ForkJoinPool-1-worker-4
11:23:51 INFO  t.c.ContactListEditContactTests - ðŸ”‘ TOKEN : eyJhbGciOiJIUzI1NiIsInR5cCI6IkpXVCJ9.eyJfaWQiOiI2OWQ0NWJlMDY5NjI3OTAwMTVkMTM4ZTEiLCJpYXQiOjE3NzczNDY2MzB9.yY0P3ct5tZiMYMSVexwYvJo8H3kHhhhRDVVhxAfqv4M
11:23:51 INFO  t.c.ContactListEditContactTests - ----------------------------------------
11:23:51 INFO  t.c.ContactListEditContactTests - eyJhbGciOiJIUzI1NiIsInR5cCI6IkpXVCJ9.eyJfaWQiOiI2OWQ0NWJlMDY5NjI3OTAwMTVkMTM4ZTEiLCJpYXQiOjE3NzczNDY2MzB9.yY0P3ct5tZiMYMSVexwYvJo8H3kHhhhRDVVhxAfqv4M
11:23:51 INFO  core.BaseApiTest - ========== END TC04 - Edit success ==========
]]></system-out>
  </testcase>
</testsuite>