<?xml version="1.0" encoding="UTF-8"?>
<testsuite xmlns:xsi="http://www.w3.org/2001/XMLSchema-instance" xsi:noNamespaceSchemaLocation="https://maven.apache.org/surefire/maven-surefire-plugin/xsd/surefire-test-report.xsd" version="3.0.2" name="tests.integration.GoRestUserCrudTests" time="1.405" tests="1" errors="0" skipped="0" failures="0">
  <properties>
[...]
</properties>
  <testcase name="create_then_get_user_should_match" classname="GoRestUserCrudTests" time="1.399">
    <system-out><![CDATA[10:48:36 INFO  core.BaseApiTest - TEST THREAD = ForkJoinPool-1-worker-2 | TEST CLASS = tests.resiliency.HttpBinRetryTests
10:48:36 INFO  core.BaseApiTest - ========== START TC01 - Retry /get until status 200 ==========
10:48:36 INFO  clients.BaseClient - GET /get
Request URI:	https://httpbin.org/get
10:48:36 INFO  core.BaseApiTest - This is the token being used: eyJhbGciOiJIUzI1NiIsInR5cCI6IkpXVCJ9.eyJpZCI6MSwidXNlcm5hbWUiOiJlbWlseXMiLCJlbWFpbCI6ImVtaWx5LmpvaG5zb25AeC5kdW1teWpzb24uY29tIiwiZmlyc3ROYW1lIjoiRW1pbHkiLCJsYXN0TmFtZSI6IkpvaG5zb24iLCJnZW5kZXIiOiJmZW1hbGUiLCJpbWFnZSI6Imh0dHBzOi8vZHVtbXlqc29uLmNvbS9pY29uL2VtaWx5cy8xMjgiLCJpYXQiOjE3NzYxMzQ5MTUsImV4cCI6MTc3NjEzODUxNX0.JwjcOZTa_TGyeCnAKQ5Z2HsgvybR1F6pX1K5TXxl5Ls
10:48:36 INFO  core.BaseApiTest - This is the response: {
    "accessToken": "eyJhbGciOiJIUzI1NiIsInR5cCI6IkpXVCJ9.eyJpZCI6MSwidXNlcm5hbWUiOiJlbWlseXMiLCJlbWFpbCI6ImVtaWx5LmpvaG5zb25AeC5kdW1teWpzb24uY29tIiwiZmlyc3ROYW1lIjoiRW1pbHkiLCJsYXN0TmFtZSI6IkpvaG5zb24iLCJnZW5kZXIiOiJmZW1hbGUiLCJpbWFnZSI6Imh0dHBzOi8vZHVtbXlqc29uLmNvbS9pY29uL2VtaWx5cy8xMjgiLCJpYXQiOjE3NzYxMzQ5MTUsImV4cCI6MTc3NjEzODUxNX0.JwjcOZTa_TGyeCnAKQ5Z2HsgvybR1F6pX1K5TXxl5Ls",
    "refreshToken": "eyJhbGciOiJIUzI1NiIsInR5cCI6IkpXVCJ9.eyJpZCI6MSwidXNlcm5hbWUiOiJlbWlseXMiLCJlbWFpbCI6ImVtaWx5LmpvaG5zb25AeC5kdW1teWpzb24uY29tIiwiZmlyc3ROYW1lIjoiRW1pbHkiLCJsYXN0TmFtZSI6IkpvaG5zb24iLCJnZW5kZXIiOiJmZW1hbGUiLCJpbWFnZSI6Imh0dHBzOi8vZHVtbXlqc29uLmNvbS9pY29uL2VtaWx5cy8xMjgiLCJpYXQiOjE3NzYxMzQ5MTUsImV4cCI6MTc3ODcyNjkxNX0.sAonGEN0PlPnweSDRnkaYHaOEQLRrc2myvIp8hEldyU",
    "id": 1,
    "username": "emilys",
    "email": "emily.johnson@x.dummyjson.com",
    "firstName": "Emily",
    "lastName": "Johnson",
    "gender": "female",
    "image": "https://dummyjson.com/icon/emilys/128"
}
Request URI:	https://dummyjson.com/user/me
Request URI:	https://gorest.co.in/public/v2/users/8434882
Request URI:	https://dummyjson.com/user/me
10:48:36 INFO  core.BaseApiTest - ========== END TC01 - Create a new user and verify via GET ==========
]]></system-out>
  </testcase>
</testsuite>