<?xml version="1.0" encoding="UTF-8"?>
<testsuite xmlns:xsi="http://www.w3.org/2001/XMLSchema-instance" xsi:noNamespaceSchemaLocation="https://maven.apache.org/surefire/maven-surefire-plugin/xsd/surefire-test-report.xsd" version="3.0.2" name="tests.dummyjson.auth.DummyJsonAuthTests" time="2.135" tests="6" errors="0" skipped="0" failures="0">
  <properties>
[...]
</properties>
  <testcase name="missing_password_should_return_400" classname="DummyJsonAuthTests" time="0.478">
    <system-out><![CDATA[10:48:31 INFO  core.BaseApiTest - TEST THREAD = ForkJoinPool-1-worker-1 | TEST CLASS = tests.resiliency.HttpBinStatusTests
10:48:31 INFO  core.BaseApiTest - ========== START TC01 - Return HTTP 500 ==========
10:48:31 INFO  clients.BaseClient - GET /status/500
Request URI:	https://httpbin.org/status/500
10:48:31 INFO  core.BaseApiTest - ========== END TC03 - Missing password should return 400 ==========
]]></system-out>
  </testcase>
  <testcase name="missing_username_should_return_400" classname="DummyJsonAuthTests" time="0.29">
    <system-out><![CDATA[10:48:31 INFO  core.BaseApiTest - TEST THREAD = ForkJoinPool-1-worker-4 | TEST CLASS = tests.contactList.ContactListEditContactTests
10:48:31 INFO  core.BaseApiTest - ========== START TC02 - Edit success ==========
Request URI:	https://thinking-tester-contact-list.herokuapp.com/users/login
10:48:31 INFO  core.BaseApiTest - ========== END TC04 - Missing username should return 400 ==========
]]></system-out>
  </testcase>
  <testcase name="login_success_should_return_200" classname="DummyJsonAuthTests" time="0.373">
    <system-out><![CDATA[10:48:31 INFO  core.BaseApiTest - TEST THREAD = ForkJoinPool-1-worker-3 | TEST CLASS = tests.dummyjson.auth.DummyJsonAuthTests
10:48:31 INFO  core.BaseApiTest - ========== START TC01 - Login success ==========
Request URI:	https://dummyjson.com/auth/login
10:48:32 INFO  core.BaseApiTest - ========== END TC01 - Login success ==========
]]></system-out>
  </testcase>
  <testcase name="username_integer_should_return_400" classname="DummyJsonAuthTests" time="0.309">
    <system-out><![CDATA[10:48:32 INFO  core.BaseApiTest - TEST THREAD = ForkJoinPool-1-worker-2 | TEST CLASS = tests.contactList.ContactListRegisterUserTests
10:48:32 INFO  core.BaseApiTest - ========== START TC05 - Registration success ==========
10:48:32 INFO  t.c.ContactListRegisterUserTests - Original payload: {firstName=Mark, lastName=Rober, email=15markrober1224@yopmail.com, password=Password123}
10:48:32 INFO  utils.ApiTestUtils - Updated 'email' with unique value: 15markrober1224+f7968@yopmail.com
10:48:32 INFO  t.c.ContactListRegisterUserTests - Payload after making email unique: {firstName=Mark, lastName=Rober, email=15markrober1224+f7968@yopmail.com, password=Password123}
10:48:32 INFO  t.c.ContactListRegisterUserTests - Sending registration request...
Request URI:	https://thinking-tester-contact-list.herokuapp.com/users
10:48:32 INFO  core.BaseApiTest - ========== END TC05 - Login should fail when username format is invalid ==========
]]></system-out>
  </testcase>
  <testcase name="login_using_framework_baseUrl_should_work" classname="DummyJsonAuthTests" time="0.351">
    <system-out><![CDATA[10:48:32 INFO  core.BaseApiTest - TEST THREAD = ForkJoinPool-1-worker-1 | TEST CLASS = tests.resiliency.HttpBinStatusTests
10:48:32 INFO  core.BaseApiTest - ========== START TC02 - Return HTTP 429 ==========
10:48:32 INFO  clients.BaseClient - GET /status/429
Request URI:	https://httpbin.org/status/429
10:48:32 INFO  core.BaseApiTest - ========== END TC02 - Login using framework baseUrl should work ==========
]]></system-out>
  </testcase>
  <testcase name="empty_body_should_return_error" classname="DummyJsonAuthTests" time="0.303">
    <system-out><![CDATA[10:48:32 INFO  core.BaseApiTest - TEST THREAD = ForkJoinPool-1-worker-3 | TEST CLASS = tests.dummyjson.auth.DummyJsonAuthTests
10:48:32 INFO  core.BaseApiTest - ========== START TC06 - Empty body should return 400 ==========
Request URI:	https://dummyjson.com/auth/login
10:48:33 INFO  core.BaseApiTest - This is the token being used: eyJhbGciOiJIUzI1NiIsInR5cCI6IkpXVCJ9.eyJfaWQiOiI2OWQ0NWJkZjlkYWYzOTAwMTUyMWE5ZDAiLCJpYXQiOjE3NzYxMzQ5MTF9.y67ySwtodNfFugH6qNIVAp8N8hH1hgCcwyG4SutotIA
10:48:33 INFO  core.BaseApiTest - This is the token being used for login for 2nd user: eyJhbGciOiJIUzI1NiIsInR5cCI6IkpXVCJ9.eyJfaWQiOiI2OWQ0NWJkZjlkYWYzOTAwMTUyMWE5ZDAiLCJpYXQiOjE3NzYxMzQ5MTF9.y67ySwtodNfFugH6qNIVAp8N8hH1hgCcwyG4SutotIA
Request URI:	https://thinking-tester-contact-list.herokuapp.com/contacts
10:48:33 INFO  core.BaseApiTest - ========== END TC06 - Empty body should return 400 ==========
]]></system-out>
  </testcase>
</testsuite>