<?xml version="1.0" encoding="UTF-8"?>
<testsuite xmlns:xsi="http://www.w3.org/2001/XMLSchema-instance" xsi:noNamespaceSchemaLocation="https://maven.apache.org/surefire/maven-surefire-plugin/xsd/surefire-test-report.xsd" version="3.0.2" name="tests.contactList.ContactListGetContactTests" time="1.678" tests="1" errors="0" skipped="0" failures="0">
  <properties>
[...]
</properties>
  <testcase name="login_user_returns_200" classname="ContactListLoginTests" time="1.666">
    <system-out><![CDATA[10:48:28 INFO  core.BaseApiTest - TEST THREAD = ForkJoinPool-1-worker-3 | TEST CLASS = tests.contactList.ContactListLoginTests
10:48:28 INFO  core.BaseApiTest - ========== START TC01 - Login success ==========
Request URI:	https://thinking-tester-contact-list.herokuapp.com/users/login
[
    {
        "_id": "69d5c5bdd68dbb00155381a3",
        "firstName": "John",
        "lastName": "Doe",
        "birthdate": "1990-01-01",
        "email": "markrober1222@example.com",
        "phone": "1234567890",
        "street1": "123 Main St",
        "city": "Manila",
        "stateProvince": "NCR",
        "postalCode": "1000",
        "country": "Philippines",
        "owner": "69d354acb7c96f001562daf4",
        "__v": 0
    },
    {
        "_id": "69d5c6fed68dbb00155381ad",
        "firstName": "John",
        "lastName": "Doe",
        "birthdate": "1990-01-01",
        "email": "markrober1222@example.com",
        "phone": "1234567890",
        "street1": "123 Main St",
        "city": "Manila",
        "stateProvince": "NCR",
        "postalCode": "1000",
        "country": "Philippines",
        "owner": "69d354acb7c96f001562daf4",
        "__v": 0
    },
    {
        "_id": "69d5c823d68dbb00155381b9",
        "firstName": "John",
        "lastName": "Doe",
        "birthdate": "1990-01-01",
        "email": "markrober1222@example.com",
        "phone": "1234567890",
        "street1": "123 Main St",
        "city": "Manila",
        "stateProvince": "NCR",
        "postalCode": "1000",
        "country": "Philippines",
        "owner": "69d354acb7c96f001562daf4",
        "__v": 0
    },
    {
        "_id": "69d5c89ad68dbb00155381ca",
        "firstName": "John",
        "lastName": "Doe",
        "birthdate": "1990-01-01",
        "email": "markrober1222@example.com",
        "phone": "1234567890",
        "street1": "123 Main St",
        "city": "Manila",
        "stateProvince": "NCR",
        "postalCode": "1000",
        "country": "Philippines",
        "owner": "69d354acb7c96f001562daf4",
        "__v": 0
    },
    {
        "_id": "69d5c955d68dbb00155381d6",
        "firstName": "John",
        "lastName": "Doe",
        "birthdate": "1990-01-01",
        "email": "markrober1222@example.com",
        "phone": "1234567890",
        "street1": "123 Main St",
        "city": "Manila",
        "stateProvince": "NCR",
        "postalCode": "1000",
        "country": "Philippines",
        "owner": "69d354acb7c96f001562daf4",
        "__v": 0
    },
    {
        "_id": "69d5cad2d68dbb00155381e4",
        "firstName": "John",
        "lastName": "Doe",
        "birthdate": "1990-01-01",
        "email": "markrober1222@example.com",
        "phone": "1234567890",
        "street1": "123 Main St",
        "city": "Manila",
        "stateProvince": "NCR",
        "postalCode": "1000",
        "country": "Philippines",
        "owner": "69d354acb7c96f001562daf4",
        "__v": 0
    },
    {
        "_id": "69dda756667a3e00157617b3",
        "firstName": "John",
        "lastName": "Doe",
        "birthdate": "1990-01-01",
        "email": "markrober1222@example.com",
        "phone": "1234567890",
        "street1": "123 Main St",
        "city": "Manila",
        "stateProvince": "NCR",
        "postalCode": "1000",
        "country": "Philippines",
        "owner": "69d354acb7c96f001562daf4",
        "__v": 0
    },
    {
        "_id": "69dda8995ca4eb0015c4fffb",
        "firstName": "John",
        "lastName": "Doe",
        "birthdate": "1990-01-01",
        "email": "markrober1222@example.com",
        "phone": "1234567890",
        "street1": "123 Main St",
        "city": "Manila",
        "stateProvince": "NCR",
        "postalCode": "1000",
        "country": "Philippines",
        "owner": "69d354acb7c96f001562daf4",
        "__v": 0
    },
    {
        "_id": "69d4be4c9daf39001521adac",
        "firstName": "Rose",
        "lastName": "Gold",
        "birthdate": "1990-01-01",
        "email": "markrober1222@example.com",
        "phone": "1234567890",
        "street1": "123 Main St",
        "city": "Manila",
        "stateProvince": "NCR",
        "postalCode": "1000",
        "country": "Philippines",
        "owner": "69d354acb7c96f001562daf4",
        "__v": 0
    },
    {
        "_id": "69d4bea09daf39001521adb3",
        "firstName": "Rose",
        "lastName": "Gold",
        "birthdate": "1990-01-01",
        "email": "markrober1222@example.com",
        "phone": "1234567890",
        "street1": "123 Main St",
        "city": "Manila",
        "stateProvince": "NCR",
        "postalCode": "1000",
        "country": "Philippines",
        "owner": "69d354acb7c96f001562daf4",
        "__v": 0
    },
    {
        "_id": "69d4bf279daf39001521ae32",
        "firstName": "Rose",
        "lastName": "Gold",
        "birthdate": "1990-01-01",
        "email": "markrober1222@example.com",
        "phone": "1234567890",
        "street1": "123 Main St",
        "city": "Manila",
        "stateProvince": "NCR",
        "postalCode": "1000",
        "country": "Philippines",
        "owner": "69d354acb7c96f001562daf4",
        "__v": 0
    },
    {
        "_id": "69d4bf426962790015d13d4e",
        "firstName": "Rose",
        "lastName": "Gold",
        "birthdate": "1990-01-01",
        "email": "markrober1222@example.com",
        "phone": "1234567890",
        "street1": "123 Main St",
        "city": "Manila",
        "stateProvince": "NCR",
        "postalCode": "1000",
        "country": "Philippines",
        "owner": "69d354acb7c96f001562daf4",
        "__v": 0
    },
    {
        "_id": "69d4bf676962790015d13d53",
        "firstName": "Rose",
        "lastName": "Gold",
        "birthdate": "1990-01-01",
        "email": "markrober1222@example.com",
        "phone": "1234567890",
        "street1": "123 Main St",
        "city": "Manila",
        "stateProvince": "NCR",
        "postalCode": "1000",
        "country": "Philippines",
        "owner": "69d354acb7c96f001562daf4",
        "__v": 0
    },
    {
        "_id": "69d4bf979daf39001521ae3f",
        "firstName": "Rose",
        "lastName": "Gold",
        "birthdate": "1990-01-01",
        "email": "markrober1222@example.com",
        "phone": "1234567890",
        "street1": "123 Main St",
        "city": "Manila",
        "stateProvince": "NCR",
        "postalCode": "1000",
        "country": "Philippines",
        "owner": "69d354acb7c96f001562daf4",
        "__v": 0
    },
    {
        "_id": "69d4c2b29daf39001521ae45",
        "firstName": "Rose",
        "lastName": "Gold",
        "birthdate": "1990-01-01",
        "email": "markrober1222@example.com",
        "phone": "1234567890",
        "street1": "123 Main St",
        "city": "Manila",
        "stateProvince": "NCR",
        "postalCode": "1000",
        "country": "Philippines",
        "owner": "69d354acb7c96f001562daf4",
        "__v": 0
    },
    {
        "_id": "69d59788915e830015f0cb3e",
        "firstName": "Rose",
        "lastName": "Gold",
        "birthdate": "1990-01-01",
        "email": "markrober1222@example.com",
        "phone": "1234567890",
        "street1": "123 Main St",
        "city": "Manila",
        "stateProvince": "NCR",
        "postalCode": "1000",
        "country": "Philippines",
        "owner": "69d354acb7c96f001562daf4",
        "__v": 0
    },
    {
        "_id": "69d59e56d68dbb0015538174",
        "firstName": "Rose",
        "lastName": "Gold",
        "birthdate": "1990-01-01",
        "email": "markrober1222@example.com",
        "phone": "1234567890",
        "street1": "123 Main St",
        "city": "Manila",
        "stateProvince": "NCR",
        "postalCode": "1000",
        "country": "Philippines",
        "owner": "69d354acb7c96f001562daf4",
        "__v": 0
    },
    {
        "_id": "69d5a2df915e830015f0cb49",
        "firstName": "Rose",
        "lastName": "Gold",
        "birthdate": "1990-01-01",
        "email": "markrober1222@example.com",
        "phone": "1234567890",
        "street1": "123 Main St",
        "city": "Manila",
        "stateProvince": "NCR",
        "postalCode": "1000",
        "country": "Philippines",
        "owner": "69d354acb7c96f001562daf4",
        "__v": 0
    },
    {
        "_id": "69d5c701d68dbb00155381b0",
        "firstName": "Rose",
        "lastName": "Gold",
        "birthdate": "1990-01-01",
        "email": "markrober1222@example.com",
        "phone": "1234567890",
        "street1": "123 Main St",
        "city": "Manila",
        "stateProvince": "NCR",
        "postalCode": "1000",
        "country": "Philippines",
        "owner": "69d354acb7c96f001562daf4",
        "__v": 0
    },
    {
        "_id": "69d5c825d68dbb00155381bd",
        "firstName": "Rose",
        "lastName": "Gold",
        "birthdate": "1990-01-01",
        "email": "markrober1222@example.com",
        "phone": "1234567890",
        "street1": "123 Main St",
        "city": "Manila",
        "stateProvince": "NCR",
        "postalCode": "1000",
        "country": "Philippines",
        "owner": "69d354acb7c96f001562daf4",
        "__v": 0
    },
    {
        "_id": "69d5c89c915e830015f0cbab",
        "firstName": "Rose",
        "lastName": "Gold",
        "birthdate": "1990-01-01",
        "email": "markrober1222@example.com",
        "phone": "1234567890",
        "street1": "123 Main St",
        "city": "Manila",
        "stateProvince": "NCR",
        "postalCode": "1000",
        "country": "Philippines",
        "owner": "69d354acb7c96f001562daf4",
        "__v": 0
    },
    {
        "_id": "69d5c957915e830015f0cbb8",
        "firstName": "Rose",
        "lastName": "Gold",
        "birthdate": "1990-01-01",
        "email": "markrober1222@example.com",
        "phone": "1234567890",
        "street1": "123 Main St",
        "city": "Manila",
        "stateProvince": "NCR",
        "postalCode": "1000",
        "country": "Philippines",
        "owner": "69d354acb7c96f001562daf4",
        "__v": 0
    },
    {
        "_id": "69d5cad4d68dbb00155381e7",
        "firstName": "Rose",
        "lastName": "Gold",
        "birthdate": "1990-01-01",
        "email": "markrober1222@example.com",
        "phone": "1234567890",
        "street1": "123 Main St",
        "city": "Manila",
        "stateProvince": "NCR",
        "postalCode": "1000",
        "country": "Philippines",
        "owner": "69d354acb7c96f001562daf4",
        "__v": 0
    },
    {
        "_id": "69dda6375ca4eb0015c4ffcd",
        "firstName": "Rose",
        "lastName": "Gold",
        "birthdate": "1990-01-01",
        "email": "markrober1222@example.com",
        "phone": "1234567890",
        "street1": "123 Main St",
        "city": "Manila",
        "stateProvince": "NCR",
        "postalCode": "1000",
        "country": "Philippines",
        "owner": "69d354acb7c96f001562daf4",
        "__v": 0
    },
    {
        "_id": "69dda6c85ca4eb0015c4ffcf",
        "firstName": "Rose",
        "lastName": "Gold",
        "birthdate": "1990-01-01",
        "email": "markrober1222@example.com",
        "phone": "1234567890",
        "street1": "123 Main St",
        "city": "Manila",
        "stateProvince": "NCR",
        "postalCode": "1000",
        "country": "Philippines",
        "owner": "69d354acb7c96f001562daf4",
        "__v": 0
    },
    {
        "_id": "69dda6cf5ca4eb0015c4ffe0",
        "firstName": "Rose",
        "lastName": "Gold",
        "birthdate": "1990-01-01",
        "email": "markrober1222@example.com",
        "phone": "1234567890",
        "street1": "123 Main St",
        "city": "Manila",
        "stateProvince": "NCR",
        "postalCode": "1000",
        "country": "Philippines",
        "owner": "69d354acb7c96f001562daf4",
        "__v": 0
    },
    {
        "_id": "69dda7565ca4eb0015c4ffea",
        "firstName": "Rose",
        "lastName": "Gold",
        "birthdate": "1990-01-01",
        "email": "markrober1222@example.com",
        "phone": "1234567890",
        "street1": "123 Main St",
        "city": "Manila",
        "stateProvince": "NCR",
        "postalCode": "1000",
        "country": "Philippines",
        "owner": "69d354acb7c96f001562daf4",
        "__v": 0
    },
    {
        "_id": "69dda75d667a3e00157617ba",
        "firstName": "Rose",
        "lastName": "Gold",
        "birthdate": "1990-01-01",
        "email": "markrober1222@example.com",
        "phone": "1234567890",
        "street1": "123 Main St",
        "city": "Manila",
        "stateProvince": "NCR",
        "postalCode": "1000",
        "country": "Philippines",
        "owner": "69d354acb7c96f001562daf4",
        "__v": 0
    },
    {
        "_id": "69dda899667a3e00157617bf",
        "firstName": "Rose",
        "lastName": "Gold",
        "birthdate": "1990-01-01",
        "email": "markrober1222@example.com",
        "phone": "1234567890",
        "street1": "123 Main St",
        "city": "Manila",
        "stateProvince": "NCR",
        "postalCode": "1000",
        "country": "Philippines",
        "owner": "69d354acb7c96f001562daf4",
        "__v": 0
    },
    {
        "_id": "69dda8a05ca4eb0015c50003",
        "firstName": "Rose",
        "lastName": "Gold",
        "birthdate": "1990-01-01",
        "email": "markrober1222@example.com",
        "phone": "1234567890",
        "street1": "123 Main St",
        "city": "Manila",
        "stateProvince": "NCR",
        "postalCode": "1000",
        "country": "Philippines",
        "owner": "69d354acb7c96f001562daf4",
        "__v": 0
    },
    {
        "_id": "69dda9ea5ca4eb0015c50013",
        "firstName": "Rose",
        "lastName": "Gold",
        "birthdate": "1990-01-01",
        "email": "markrober1222@example.com",
        "phone": "1234567890",
        "street1": "123 Main St",
        "city": "Manila",
        "stateProvince": "NCR",
        "postalCode": "1000",
        "country": "Philippines",
        "owner": "69d354acb7c96f001562daf4",
        "__v": 0
    },
    {
        "_id": "69ddaa635ca4eb0015c50015",
        "firstName": "Rose",
        "lastName": "Gold",
        "birthdate": "1990-01-01",
        "email": "markrober1222@example.com",
        "phone": "1234567890",
        "street1": "123 Main St",
        "city": "Manila",
        "stateProvince": "NCR",
        "postalCode": "1000",
        "country": "Philippines",
        "owner": "69d354acb7c96f001562daf4",
        "__v": 0
    },
    {
        "_id": "69ddaa6a5ca4eb0015c50024",
        "firstName": "Rose",
        "lastName": "Gold",
        "birthdate": "1990-01-01",
        "email": "markrober1222@example.com",
        "phone": "1234567890",
        "street1": "123 Main St",
        "city": "Manila",
        "stateProvince": "NCR",
        "postalCode": "1000",
        "country": "Philippines",
        "owner": "69d354acb7c96f001562daf4",
        "__v": 0
    },
    {
        "_id": "69ddaafa667a3e00157617e6",
        "firstName": "Rose",
        "lastName": "Gold",
        "birthdate": "1990-01-01",
        "email": "markrober1222@example.com",
        "phone": "1234567890",
        "street1": "123 Main St",
        "city": "Manila",
        "stateProvince": "NCR",
        "postalCode": "1000",
        "country": "Philippines",
        "owner": "69d354acb7c96f001562daf4",
        "__v": 0
    }
]
10:48:28 INFO  core.BaseApiTest - Response:
[
    {
        "_id": "69d5c5bdd68dbb00155381a3",
        "firstName": "John",
        "lastName": "Doe",
        "birthdate": "1990-01-01",
        "email": "markrober1222@example.com",
        "phone": "1234567890",
        "street1": "123 Main St",
        "city": "Manila",
        "stateProvince": "NCR",
        "postalCode": "1000",
        "country": "Philippines",
        "owner": "69d354acb7c96f001562daf4",
        "__v": 0
    },
    {
        "_id": "69d5c6fed68dbb00155381ad",
        "firstName": "John",
        "lastName": "Doe",
        "birthdate": "1990-01-01",
        "email": "markrober1222@example.com",
        "phone": "1234567890",
        "street1": "123 Main St",
        "city": "Manila",
        "stateProvince": "NCR",
        "postalCode": "1000",
        "country": "Philippines",
        "owner": "69d354acb7c96f001562daf4",
        "__v": 0
    },
    {
        "_id": "69d5c823d68dbb00155381b9",
        "firstName": "John",
        "lastName": "Doe",
        "birthdate": "1990-01-01",
        "email": "markrober1222@example.com",
        "phone": "1234567890",
        "street1": "123 Main St",
        "city": "Manila",
        "stateProvince": "NCR",
        "postalCode": "1000",
        "country": "Philippines",
        "owner": "69d354acb7c96f001562daf4",
        "__v": 0
    },
    {
        "_id": "69d5c89ad68dbb00155381ca",
        "firstName": "John",
        "lastName": "Doe",
        "birthdate": "1990-01-01",
        "email": "markrober1222@example.com",
        "phone": "1234567890",
        "street1": "123 Main St",
        "city": "Manila",
        "stateProvince": "NCR",
        "postalCode": "1000",
        "country": "Philippines",
        "owner": "69d354acb7c96f001562daf4",
        "__v": 0
    },
    {
        "_id": "69d5c955d68dbb00155381d6",
        "firstName": "John",
        "lastName": "Doe",
        "birthdate": "1990-01-01",
        "email": "markrober1222@example.com",
        "phone": "1234567890",
        "street1": "123 Main St",
        "city": "Manila",
        "stateProvince": "NCR",
        "postalCode": "1000",
        "country": "Philippines",
        "owner": "69d354acb7c96f001562daf4",
        "__v": 0
    },
    {
        "_id": "69d5cad2d68dbb00155381e4",
        "firstName": "John",
        "lastName": "Doe",
        "birthdate": "1990-01-01",
        "email": "markrober1222@example.com",
        "phone": "1234567890",
        "street1": "123 Main St",
        "city": "Manila",
        "stateProvince": "NCR",
        "postalCode": "1000",
        "country": "Philippines",
        "owner": "69d354acb7c96f001562daf4",
        "__v": 0
    },
    {
        "_id": "69dda756667a3e00157617b3",
        "firstName": "John",
        "lastName": "Doe",
        "birthdate": "1990-01-01",
        "email": "markrober1222@example.com",
        "phone": "1234567890",
        "street1": "123 Main St",
        "city": "Manila",
        "stateProvince": "NCR",
        "postalCode": "1000",
        "country": "Philippines",
        "owner": "69d354acb7c96f001562daf4",
        "__v": 0
    },
    {
        "_id": "69dda8995ca4eb0015c4fffb",
        "firstName": "John",
        "lastName": "Doe",
        "birthdate": "1990-01-01",
        "email": "markrober1222@example.com",
        "phone": "1234567890",
        "street1": "123 Main St",
        "city": "Manila",
        "stateProvince": "NCR",
        "postalCode": "1000",
        "country": "Philippines",
        "owner": "69d354acb7c96f001562daf4",
        "__v": 0
    },
    {
        "_id": "69d4be4c9daf39001521adac",
        "firstName": "Rose",
        "lastName": "Gold",
        "birthdate": "1990-01-01",
        "email": "markrober1222@example.com",
        "phone": "1234567890",
        "street1": "123 Main St",
        "city": "Manila",
        "stateProvince": "NCR",
        "postalCode": "1000",
        "country": "Philippines",
        "owner": "69d354acb7c96f001562daf4",
        "__v": 0
    },
    {
        "_id": "69d4bea09daf39001521adb3",
        "firstName": "Rose",
        "lastName": "Gold",
        "birthdate": "1990-01-01",
        "email": "markrober1222@example.com",
        "phone": "1234567890",
        "street1": "123 Main St",
        "city": "Manila",
        "stateProvince": "NCR",
        "postalCode": "1000",
        "country": "Philippines",
        "owner": "69d354acb7c96f001562daf4",
        "__v": 0
    },
    {
        "_id": "69d4bf279daf39001521ae32",
        "firstName": "Rose",
        "lastName": "Gold",
        "birthdate": "1990-01-01",
        "email": "markrober1222@example.com",
        "phone": "1234567890",
        "street1": "123 Main St",
        "city": "Manila",
        "stateProvince": "NCR",
        "postalCode": "1000",
        "country": "Philippines",
        "owner": "69d354acb7c96f001562daf4",
        "__v": 0
    },
    {
        "_id": "69d4bf426962790015d13d4e",
        "firstName": "Rose",
        "lastName": "Gold",
        "birthdate": "1990-01-01",
        "email": "markrober1222@example.com",
        "phone": "1234567890",
        "street1": "123 Main St",
        "city": "Manila",
        "stateProvince": "NCR",
        "postalCode": "1000",
        "country": "Philippines",
        "owner": "69d354acb7c96f001562daf4",
        "__v": 0
    },
    {
        "_id": "69d4bf676962790015d13d53",
        "firstName": "Rose",
        "lastName": "Gold",
        "birthdate": "1990-01-01",
        "email": "markrober1222@example.com",
        "phone": "1234567890",
        "street1": "123 Main St",
        "city": "Manila",
        "stateProvince": "NCR",
        "postalCode": "1000",
        "country": "Philippines",
        "owner": "69d354acb7c96f001562daf4",
        "__v": 0
    },
    {
        "_id": "69d4bf979daf39001521ae3f",
        "firstName": "Rose",
        "lastName": "Gold",
        "birthdate": "1990-01-01",
        "email": "markrober1222@example.com",
        "phone": "1234567890",
        "street1": "123 Main St",
        "city": "Manila",
        "stateProvince": "NCR",
        "postalCode": "1000",
        "country": "Philippines",
        "owner": "69d354acb7c96f001562daf4",
        "__v": 0
    },
    {
        "_id": "69d4c2b29daf39001521ae45",
        "firstName": "Rose",
        "lastName": "Gold",
        "birthdate": "1990-01-01",
        "email": "markrober1222@example.com",
        "phone": "1234567890",
        "street1": "123 Main St",
        "city": "Manila",
        "stateProvince": "NCR",
        "postalCode": "1000",
        "country": "Philippines",
        "owner": "69d354acb7c96f001562daf4",
        "__v": 0
    },
    {
        "_id": "69d59788915e830015f0cb3e",
        "firstName": "Rose",
        "lastName": "Gold",
        "birthdate": "1990-01-01",
        "email": "markrober1222@example.com",
        "phone": "1234567890",
        "street1": "123 Main St",
        "city": "Manila",
        "stateProvince": "NCR",
        "postalCode": "1000",
        "country": "Philippines",
        "owner": "69d354acb7c96f001562daf4",
        "__v": 0
    },
    {
        "_id": "69d59e56d68dbb0015538174",
        "firstName": "Rose",
        "lastName": "Gold",
        "birthdate": "1990-01-01",
        "email": "markrober1222@example.com",
        "phone": "1234567890",
        "street1": "123 Main St",
        "city": "Manila",
        "stateProvince": "NCR",
        "postalCode": "1000",
        "country": "Philippines",
        "owner": "69d354acb7c96f001562daf4",
        "__v": 0
    },
    {
        "_id": "69d5a2df915e830015f0cb49",
        "firstName": "Rose",
        "lastName": "Gold",
        "birthdate": "1990-01-01",
        "email": "markrober1222@example.com",
        "phone": "1234567890",
        "street1": "123 Main St",
        "city": "Manila",
        "stateProvince": "NCR",
        "postalCode": "1000",
        "country": "Philippines",
        "owner": "69d354acb7c96f001562daf4",
        "__v": 0
    },
    {
        "_id": "69d5c701d68dbb00155381b0",
        "firstName": "Rose",
        "lastName": "Gold",
        "birthdate": "1990-01-01",
        "email": "markrober1222@example.com",
        "phone": "1234567890",
        "street1": "123 Main St",
        "city": "Manila",
        "stateProvince": "NCR",
        "postalCode": "1000",
        "country": "Philippines",
        "owner": "69d354acb7c96f001562daf4",
        "__v": 0
    },
    {
        "_id": "69d5c825d68dbb00155381bd",
        "firstName": "Rose",
        "lastName": "Gold",
        "birthdate": "1990-01-01",
        "email": "markrober1222@example.com",
        "phone": "1234567890",
        "street1": "123 Main St",
        "city": "Manila",
        "stateProvince": "NCR",
        "postalCode": "1000",
        "country": "Philippines",
        "owner": "69d354acb7c96f001562daf4",
        "__v": 0
    },
    {
        "_id": "69d5c89c915e830015f0cbab",
        "firstName": "Rose",
        "lastName": "Gold",
        "birthdate": "1990-01-01",
        "email": "markrober1222@example.com",
        "phone": "1234567890",
        "street1": "123 Main St",
        "city": "Manila",
        "stateProvince": "NCR",
        "postalCode": "1000",
        "country": "Philippines",
        "owner": "69d354acb7c96f001562daf4",
        "__v": 0
    },
    {
        "_id": "69d5c957915e830015f0cbb8",
        "firstName": "Rose",
        "lastName": "Gold",
        "birthdate": "1990-01-01",
        "email": "markrober1222@example.com",
        "phone": "1234567890",
        "street1": "123 Main St",
        "city": "Manila",
        "stateProvince": "NCR",
        "postalCode": "1000",
        "country": "Philippines",
        "owner": "69d354acb7c96f001562daf4",
        "__v": 0
    },
    {
        "_id": "69d5cad4d68dbb00155381e7",
        "firstName": "Rose",
        "lastName": "Gold",
        "birthdate": "1990-01-01",
        "email": "markrober1222@example.com",
        "phone": "1234567890",
        "street1": "123 Main St",
        "city": "Manila",
        "stateProvince": "NCR",
        "postalCode": "1000",
        "country": "Philippines",
        "owner": "69d354acb7c96f001562daf4",
        "__v": 0
    },
    {
        "_id": "69dda6375ca4eb0015c4ffcd",
        "firstName": "Rose",
        "lastName": "Gold",
        "birthdate": "1990-01-01",
        "email": "markrober1222@example.com",
        "phone": "1234567890",
        "street1": "123 Main St",
        "city": "Manila",
        "stateProvince": "NCR",
        "postalCode": "1000",
        "country": "Philippines",
        "owner": "69d354acb7c96f001562daf4",
        "__v": 0
    },
    {
        "_id": "69dda6c85ca4eb0015c4ffcf",
        "firstName": "Rose",
        "lastName": "Gold",
        "birthdate": "1990-01-01",
        "email": "markrober1222@example.com",
        "phone": "1234567890",
        "street1": "123 Main St",
        "city": "Manila",
        "stateProvince": "NCR",
        "postalCode": "1000",
        "country": "Philippines",
        "owner": "69d354acb7c96f001562daf4",
        "__v": 0
    },
    {
        "_id": "69dda6cf5ca4eb0015c4ffe0",
        "firstName": "Rose",
        "lastName": "Gold",
        "birthdate": "1990-01-01",
        "email": "markrober1222@example.com",
        "phone": "1234567890",
        "street1": "123 Main St",
        "city": "Manila",
        "stateProvince": "NCR",
        "postalCode": "1000",
        "country": "Philippines",
        "owner": "69d354acb7c96f001562daf4",
        "__v": 0
    },
    {
        "_id": "69dda7565ca4eb0015c4ffea",
        "firstName": "Rose",
        "lastName": "Gold",
        "birthdate": "1990-01-01",
        "email": "markrober1222@example.com",
        "phone": "1234567890",
        "street1": "123 Main St",
        "city": "Manila",
        "stateProvince": "NCR",
        "postalCode": "1000",
        "country": "Philippines",
        "owner": "69d354acb7c96f001562daf4",
        "__v": 0
    },
    {
        "_id": "69dda75d667a3e00157617ba",
        "firstName": "Rose",
        "lastName": "Gold",
        "birthdate": "1990-01-01",
        "email": "markrober1222@example.com",
        "phone": "1234567890",
        "street1": "123 Main St",
        "city": "Manila",
        "stateProvince": "NCR",
        "postalCode": "1000",
        "country": "Philippines",
        "owner": "69d354acb7c96f001562daf4",
        "__v": 0
    },
    {
        "_id": "69dda899667a3e00157617bf",
        "firstName": "Rose",
        "lastName": "Gold",
        "birthdate": "1990-01-01",
        "email": "markrober1222@example.com",
        "phone": "1234567890",
        "street1": "123 Main St",
        "city": "Manila",
        "stateProvince": "NCR",
        "postalCode": "1000",
        "country": "Philippines",
        "owner": "69d354acb7c96f001562daf4",
        "__v": 0
    },
    {
        "_id": "69dda8a05ca4eb0015c50003",
        "firstName": "Rose",
        "lastName": "Gold",
        "birthdate": "1990-01-01",
        "email": "markrober1222@example.com",
        "phone": "1234567890",
        "street1": "123 Main St",
        "city": "Manila",
        "stateProvince": "NCR",
        "postalCode": "1000",
        "country": "Philippines",
        "owner": "69d354acb7c96f001562daf4",
        "__v": 0
    },
    {
        "_id": "69dda9ea5ca4eb0015c50013",
        "firstName": "Rose",
        "lastName": "Gold",
        "birthdate": "1990-01-01",
        "email": "markrober1222@example.com",
        "phone": "1234567890",
        "street1": "123 Main St",
        "city": "Manila",
        "stateProvince": "NCR",
        "postalCode": "1000",
        "country": "Philippines",
        "owner": "69d354acb7c96f001562daf4",
        "__v": 0
    },
    {
        "_id": "69ddaa635ca4eb0015c50015",
        "firstName": "Rose",
        "lastName": "Gold",
        "birthdate": "1990-01-01",
        "email": "markrober1222@example.com",
        "phone": "1234567890",
        "street1": "123 Main St",
        "city": "Manila",
        "stateProvince": "NCR",
        "postalCode": "1000",
        "country": "Philippines",
        "owner": "69d354acb7c96f001562daf4",
        "__v": 0
    },
    {
        "_id": "69ddaa6a5ca4eb0015c50024",
        "firstName": "Rose",
        "lastName": "Gold",
        "birthdate": "1990-01-01",
        "email": "markrober1222@example.com",
        "phone": "1234567890",
        "street1": "123 Main St",
        "city": "Manila",
        "stateProvince": "NCR",
        "postalCode": "1000",
        "country": "Philippines",
        "owner": "69d354acb7c96f001562daf4",
        "__v": 0
    },
    {
        "_id": "69ddaafa667a3e00157617e6",
        "firstName": "Rose",
        "lastName": "Gold",
        "birthdate": "1990-01-01",
        "email": "markrober1222@example.com",
        "phone": "1234567890",
        "street1": "123 Main St",
        "city": "Manila",
        "stateProvince": "NCR",
        "postalCode": "1000",
        "country": "Philippines",
        "owner": "69d354acb7c96f001562daf4",
        "__v": 0
    }
]
10:48:28 INFO  core.BaseApiTest - ========== END TC01 - Login success ==========
]]></system-out>
  </testcase>
</testsuite>